<?xml version="1.0" encoding="UTF-8"?>
<!-- Generated by org.testng.reporters.JUnitReportReporter -->
<testsuite hostname="Damindu" failures="0" tests="6" name="test_scenarios.TestMethods" time="11.079" errors="0" timestamp="2022-12-21T16:02:40 IST" skipped="0">
  <testcase classname="test_scenarios.TestMethods" name="VerifyLogin" time="5.270"/>
  <system-out/>
  <testcase classname="test_scenarios.TestMethods" name="VerifyProductPrice" time="5.201"/>
  <system-out/>
  <testcase classname="test_scenarios.TestMethods" name="VerifyAbiltyOfProductAdd" time="0.178"/>
  <system-out/>
  <testcase classname="test_scenarios.TestMethods" name="VerifySelectedItemsInCart" time="0.104"/>
  <system-out/>
  <testcase classname="test_scenarios.TestMethods" name="verifyRandomNamesandZipCode" time="0.272"/>
  <system-out/>
  <testcase classname="test_scenarios.TestMethods" name="verifyOrderCompletion" time="0.054"/>
  <system-out/>
</testsuite> <!-- test_scenarios.TestMethods -->
